2024-04-19 16:07:17,943 - RS [INFO] - ======================================== Program Start ========================================
2024-04-19 16:07:17,981 - RS [INFO] - Found gpu 0, used memory 2867986432.
2024-04-19 16:07:17,982 - RS [INFO] - Running with args:
2024-04-19 16:07:17,982 - RS [INFO] - {'model_name': 'unetplusplus', 'dataset_name': 'water', 'train_ratio': 0.8, 'batch_size': 16, 'learning_rate': 0.001, 'num_head': 8, 'max_epoch': 20, 'dataset_path': 'D:/Search/Remote sensing/Dataset\\water', 'is_color': False, 'is_seeds': False, 'super_epoch': 0, 'model_save_path': WindowsPath('D:/Search/Remote sensing/MyRS/model_save_dir/unetplusplus/water/unetplusplus-water-0.pth'), 'device': device(type='cuda', index=0), 'image_save_path': WindowsPath('D:/Search/Remote sensing/MyRS/train_image')}
2024-04-19 16:07:17,987 - RS [INFO] - Seeds: [1111]
2024-04-19 16:08:12,653 - RS [INFO] - ======================================== Program Start ========================================
2024-04-19 16:08:12,686 - RS [INFO] - Found gpu 0, used memory 2867527680.
2024-04-19 16:08:12,687 - RS [INFO] - Running with args:
2024-04-19 16:08:12,687 - RS [INFO] - {'model_name': 'unetplusplus', 'dataset_name': 'water', 'train_ratio': 0.8, 'batch_size': 16, 'learning_rate': 0.001, 'num_head': 8, 'max_epoch': 20, 'dataset_path': 'D:/Search/Remote sensing/Dataset\\water', 'is_color': False, 'is_seeds': False, 'super_epoch': 0, 'model_save_path': WindowsPath('D:/Search/Remote sensing/MyRS/model_save_dir/unetplusplus/water/unetplusplus-water-0.pth'), 'device': device(type='cuda', index=0), 'image_save_path': WindowsPath('D:/Search/Remote sensing/MyRS/train_image')}
2024-04-19 16:08:12,687 - RS [INFO] - Seeds: [1111]
2024-04-19 16:08:12,850 - RS [INFO] - The model has 8361708 trainable parameters
2024-04-19 16:08:12,850 - RS [INFO] - not successful load weight
2024-04-19 16:08:12,851 - RS [INFO] - 0/20
2024-04-19 16:09:42,890 - RS [INFO] - 1/20
2024-04-19 16:11:11,266 - RS [INFO] - 2/20
2024-04-19 16:12:42,138 - RS [INFO] - 3/20
2024-04-19 16:14:11,834 - RS [INFO] - 4/20
2024-04-19 16:15:40,899 - RS [INFO] - 5/20
2024-04-19 16:17:09,991 - RS [INFO] - 6/20
2024-04-19 16:18:38,158 - RS [INFO] - 7/20
2024-04-19 16:20:07,414 - RS [INFO] - 8/20
2024-04-19 16:21:36,798 - RS [INFO] - 9/20
2024-04-19 16:23:06,405 - RS [INFO] - 10/20
2024-04-19 16:24:35,188 - RS [INFO] - 11/20
2024-04-19 16:26:04,655 - RS [INFO] - 12/20
2024-04-19 16:27:35,143 - RS [INFO] - 13/20
2024-04-19 16:29:04,775 - RS [INFO] - 14/20
2024-04-19 16:30:34,466 - RS [INFO] - 15/20
2024-04-19 16:32:02,302 - RS [INFO] - 16/20
2024-04-19 16:33:35,067 - RS [INFO] - 17/20
2024-04-19 16:35:07,928 - RS [INFO] - 18/20
2024-04-19 16:36:40,227 - RS [INFO] - 19/20
2024-04-19 16:38:12,447 - RS [INFO] - save weight:D:\Search\Remote sensing\MyRS\model_save_dir\unetplusplus\water\unetplusplus-water-1.pth
2024-04-19 16:45:08,347 - RS [INFO] - 0/20
2024-04-19 16:46:41,945 - RS [INFO] - 1/20
2024-04-19 16:48:14,585 - RS [INFO] - 2/20
2024-04-19 16:49:47,591 - RS [INFO] - 3/20
2024-04-19 16:51:19,708 - RS [INFO] - 4/20
2024-04-19 16:52:54,141 - RS [INFO] - 5/20
2024-04-19 16:54:26,091 - RS [INFO] - 6/20
2024-04-19 16:55:59,929 - RS [INFO] - 7/20
2024-04-19 16:57:31,869 - RS [INFO] - 8/20
2024-04-19 16:59:03,073 - RS [INFO] - 9/20
2024-04-19 17:00:36,424 - RS [INFO] - 10/20
2024-04-19 17:02:09,359 - RS [INFO] - 11/20
2024-04-19 17:03:39,493 - RS [INFO] - 12/20
2024-04-19 17:05:06,922 - RS [INFO] - 13/20
2024-04-19 17:06:35,257 - RS [INFO] - 14/20
2024-04-19 17:08:02,604 - RS [INFO] - 15/20
2024-04-19 17:09:30,115 - RS [INFO] - 16/20
2024-04-19 17:10:57,923 - RS [INFO] - 17/20
2024-04-19 17:12:26,138 - RS [INFO] - 18/20
2024-04-19 17:13:53,994 - RS [INFO] - 19/20
2024-04-19 17:15:21,714 - RS [INFO] - save weight:D:\Search\Remote sensing\MyRS\model_save_dir\unetplusplus\water\unetplusplus-water-2.pth
2024-04-19 17:22:01,469 - RS [INFO] - 0/20
2024-04-19 17:23:29,244 - RS [INFO] - 1/20
2024-04-19 17:24:56,444 - RS [INFO] - 2/20
2024-04-19 17:26:22,894 - RS [INFO] - 3/20
2024-04-19 17:27:50,481 - RS [INFO] - 4/20
2024-04-19 17:29:18,965 - RS [INFO] - 5/20
2024-04-19 17:30:47,863 - RS [INFO] - 6/20
2024-04-19 17:32:15,066 - RS [INFO] - 7/20
2024-04-19 17:33:42,383 - RS [INFO] - 8/20
2024-04-19 17:35:08,975 - RS [INFO] - 9/20
2024-04-19 17:36:36,896 - RS [INFO] - 10/20
2024-04-19 17:38:04,102 - RS [INFO] - 11/20
2024-04-19 17:39:31,030 - RS [INFO] - 12/20
2024-04-19 17:40:59,458 - RS [INFO] - 13/20
2024-04-19 17:42:28,231 - RS [INFO] - 14/20
2024-04-19 17:43:56,837 - RS [INFO] - 15/20
2024-04-19 17:45:24,336 - RS [INFO] - 16/20
2024-04-19 17:46:51,392 - RS [INFO] - 17/20
2024-04-19 17:48:18,947 - RS [INFO] - 18/20
2024-04-19 17:49:46,813 - RS [INFO] - 19/20
2024-04-19 17:51:14,589 - RS [INFO] - save weight:D:\Search\Remote sensing\MyRS\model_save_dir\unetplusplus\water\unetplusplus-water-3.pth
2024-04-19 17:57:54,163 - RS [INFO] - 0/20
2024-04-19 17:59:20,898 - RS [INFO] - 1/20
2024-04-19 18:00:47,541 - RS [INFO] - 2/20
2024-04-19 18:02:14,850 - RS [INFO] - 3/20
2024-04-19 18:03:42,982 - RS [INFO] - 4/20
2024-04-19 18:05:10,325 - RS [INFO] - 5/20
2024-04-19 18:06:39,423 - RS [INFO] - 6/20
2024-04-19 18:08:06,607 - RS [INFO] - 7/20
2024-04-19 18:09:34,847 - RS [INFO] - 8/20
2024-04-19 18:11:02,275 - RS [INFO] - 9/20
2024-04-19 18:12:29,860 - RS [INFO] - 10/20
2024-04-19 18:13:57,226 - RS [INFO] - 11/20
2024-04-19 18:15:25,619 - RS [INFO] - 12/20
2024-04-19 18:16:53,784 - RS [INFO] - 13/20
2024-04-19 18:18:22,462 - RS [INFO] - 14/20
2024-04-19 18:19:51,021 - RS [INFO] - 15/20
2024-04-19 18:21:18,379 - RS [INFO] - 16/20
2024-04-19 18:22:45,286 - RS [INFO] - 17/20
2024-04-19 18:24:13,354 - RS [INFO] - 18/20
2024-04-19 18:25:42,079 - RS [INFO] - 19/20
2024-04-19 18:27:10,678 - RS [INFO] - save weight:D:\Search\Remote sensing\MyRS\model_save_dir\unetplusplus\water\unetplusplus-water-4.pth
2024-04-19 18:33:48,605 - RS [INFO] - 0/20
2024-04-19 18:35:17,263 - RS [INFO] - 1/20
2024-04-19 18:36:44,949 - RS [INFO] - 2/20
2024-04-19 18:38:12,550 - RS [INFO] - 3/20
2024-04-19 18:39:42,051 - RS [INFO] - 4/20
2024-04-19 18:41:09,864 - RS [INFO] - 5/20
2024-04-19 18:42:38,321 - RS [INFO] - 6/20
2024-04-19 18:44:06,278 - RS [INFO] - 7/20
2024-04-19 18:45:35,279 - RS [INFO] - 8/20
2024-04-19 18:47:04,457 - RS [INFO] - 9/20
2024-04-19 18:48:31,878 - RS [INFO] - 10/20
2024-04-19 18:49:59,051 - RS [INFO] - 11/20
2024-04-19 18:51:26,779 - RS [INFO] - 12/20
2024-04-19 18:52:55,905 - RS [INFO] - 13/20
2024-04-19 18:54:23,564 - RS [INFO] - 14/20
2024-04-19 18:55:52,704 - RS [INFO] - 15/20
2024-04-19 18:57:20,124 - RS [INFO] - 16/20
2024-04-19 18:58:49,351 - RS [INFO] - 17/20
2024-04-19 19:00:17,160 - RS [INFO] - 18/20
2024-04-19 19:01:45,377 - RS [INFO] - 19/20
2024-04-19 19:03:14,725 - RS [INFO] - save weight:D:\Search\Remote sensing\MyRS\model_save_dir\unetplusplus\water\unetplusplus-water-5.pth
2024-04-19 19:09:52,631 - RS [INFO] - 0/20
2024-04-19 19:11:20,340 - RS [INFO] - 1/20
2024-04-19 19:12:47,516 - RS [INFO] - 2/20
2024-04-19 19:14:14,621 - RS [INFO] - 3/20
2024-04-19 19:15:43,932 - RS [INFO] - 4/20
2024-04-19 19:17:12,275 - RS [INFO] - 5/20
2024-04-19 19:18:39,969 - RS [INFO] - 6/20
2024-04-19 19:20:08,149 - RS [INFO] - 7/20
2024-04-19 19:21:36,469 - RS [INFO] - 8/20
2024-04-19 19:23:03,683 - RS [INFO] - 9/20
2024-04-19 19:24:30,741 - RS [INFO] - 10/20
2024-04-19 19:26:01,444 - RS [INFO] - 11/20
2024-04-19 19:27:29,697 - RS [INFO] - 12/20
2024-04-19 19:28:57,300 - RS [INFO] - 13/20
2024-04-19 19:30:25,318 - RS [INFO] - 14/20
2024-04-19 19:31:53,810 - RS [INFO] - 15/20
2024-04-19 19:33:21,646 - RS [INFO] - 16/20
2024-04-19 19:34:50,840 - RS [INFO] - 17/20
2024-04-19 19:36:20,770 - RS [INFO] - 18/20
2024-04-19 19:37:49,120 - RS [INFO] - 19/20
2024-04-19 19:39:17,206 - RS [INFO] - save weight:D:\Search\Remote sensing\MyRS\model_save_dir\unetplusplus\water\unetplusplus-water-6.pth
2024-04-19 19:45:55,540 - RS [INFO] - 0/20
2024-04-19 19:47:23,588 - RS [INFO] - 1/20
2024-04-19 19:48:51,593 - RS [INFO] - 2/20
2024-04-19 19:50:18,821 - RS [INFO] - 3/20
2024-04-19 19:51:46,549 - RS [INFO] - 4/20
2024-04-19 19:53:13,883 - RS [INFO] - 5/20
2024-04-19 19:54:41,040 - RS [INFO] - 6/20
2024-04-19 19:56:09,268 - RS [INFO] - 7/20
2024-04-19 19:57:37,079 - RS [INFO] - 8/20
2024-04-19 19:59:09,144 - RS [INFO] - 9/20
2024-04-19 20:00:41,805 - RS [INFO] - 10/20
2024-04-19 20:02:13,922 - RS [INFO] - 11/20
2024-04-19 20:03:47,414 - RS [INFO] - 12/20
2024-04-19 20:05:19,672 - RS [INFO] - 13/20
2024-04-19 20:06:50,920 - RS [INFO] - 14/20
2024-04-19 20:08:25,224 - RS [INFO] - 15/20
2024-04-19 20:09:58,875 - RS [INFO] - 16/20
2024-04-19 20:11:31,313 - RS [INFO] - 17/20
2024-04-19 20:13:04,535 - RS [INFO] - 18/20
2024-04-19 20:14:42,169 - RS [INFO] - 19/20
2024-04-19 20:16:14,610 - RS [INFO] - save weight:D:\Search\Remote sensing\MyRS\model_save_dir\unetplusplus\water\unetplusplus-water-7.pth
2024-04-19 20:23:10,055 - RS [INFO] - 0/20
2024-04-20 23:32:49,243 - RS [INFO] - ======================================== Program Start ========================================
2024-04-20 23:32:49,303 - RS [INFO] - Found gpu 0, used memory 2316517376.
2024-04-20 23:32:49,305 - RS [INFO] - Running with args:
2024-04-20 23:32:49,305 - RS [INFO] - {'model_name': 'unetplusplus', 'dataset_name': 'water', 'train_ratio': 0.8, 'batch_size': 16, 'learning_rate': 0.001, 'num_head': 8, 'max_epoch': 20, 'dataset_path': 'D:/Search/Remote sensing/Dataset\\water', 'is_color': False, 'is_seeds': False, 'super_epoch': 7, 'model_save_path': WindowsPath('D:/Search/Remote sensing/MyRS/model_save_dir/unetplusplus/water/unetplusplus-water-7.pth'), 'device': device(type='cuda', index=0), 'image_save_path': WindowsPath('D:/Search/Remote sensing/MyRS/train_image')}
2024-04-20 23:32:49,305 - RS [INFO] - Seeds: [1111]
2024-04-20 23:32:49,489 - RS [INFO] - The model has 8361708 trainable parameters
2024-04-20 23:32:49,541 - RS [INFO] - successful load weight
2024-04-20 23:32:49,541 - RS [INFO] - 0/20
2024-04-20 23:34:30,153 - RS [INFO] - 1/20
2024-04-20 23:36:02,780 - RS [INFO] - 2/20
2024-04-20 23:37:37,983 - RS [INFO] - 3/20
2024-04-20 23:39:12,540 - RS [INFO] - 4/20
2024-04-20 23:40:46,990 - RS [INFO] - 5/20
2024-04-20 23:42:21,447 - RS [INFO] - 6/20
2024-04-20 23:43:55,228 - RS [INFO] - 7/20
2024-04-20 23:45:30,004 - RS [INFO] - 8/20
2024-04-20 23:47:04,276 - RS [INFO] - 9/20
2024-04-20 23:48:37,196 - RS [INFO] - 10/20
2024-04-20 23:50:10,024 - RS [INFO] - 11/20
2024-04-20 23:51:43,357 - RS [INFO] - 12/20
2024-04-20 23:53:18,471 - RS [INFO] - 13/20
2024-04-20 23:54:52,595 - RS [INFO] - 14/20
2024-04-20 23:56:26,954 - RS [INFO] - 15/20
2024-04-20 23:58:00,323 - RS [INFO] - 16/20
2024-04-20 23:59:35,325 - RS [INFO] - 17/20
2024-04-21 00:01:09,826 - RS [INFO] - 18/20
2024-04-21 00:02:43,706 - RS [INFO] - 19/20
2024-04-21 00:04:15,772 - RS [INFO] - save weight:D:\Search\Remote sensing\MyRS\model_save_dir\unetplusplus\water\unetplusplus-water-8.pth
2024-04-21 00:11:01,804 - RS [INFO] - 0/20
2024-04-21 00:12:30,627 - RS [INFO] - 1/20
2024-04-21 00:13:58,327 - RS [INFO] - 2/20
2024-04-21 00:15:26,432 - RS [INFO] - 3/20
2024-04-21 00:16:53,741 - RS [INFO] - 4/20
2024-04-21 00:18:23,330 - RS [INFO] - 5/20
2024-04-21 00:19:50,703 - RS [INFO] - 6/20
2024-04-21 00:21:19,704 - RS [INFO] - 7/20
2024-04-21 00:22:46,780 - RS [INFO] - 8/20
2024-04-21 00:24:13,523 - RS [INFO] - 9/20
2024-04-21 00:25:42,098 - RS [INFO] - 10/20
2024-04-21 00:27:10,419 - RS [INFO] - 11/20
2024-04-21 00:28:38,957 - RS [INFO] - 12/20
2024-04-21 00:30:06,359 - RS [INFO] - 13/20
2024-04-21 00:31:34,574 - RS [INFO] - 14/20
2024-04-21 00:33:01,785 - RS [INFO] - 15/20
2024-04-21 00:34:29,290 - RS [INFO] - 16/20
2024-04-21 00:35:57,204 - RS [INFO] - 17/20
2024-04-21 00:37:25,425 - RS [INFO] - 18/20
2024-04-21 00:38:53,408 - RS [INFO] - 19/20
2024-04-21 00:40:21,053 - RS [INFO] - save weight:D:\Search\Remote sensing\MyRS\model_save_dir\unetplusplus\water\unetplusplus-water-9.pth
2024-04-21 00:46:57,560 - RS [INFO] - 0/20
2024-04-21 00:48:25,435 - RS [INFO] - 1/20
2024-04-21 00:49:52,671 - RS [INFO] - 2/20
2024-04-21 00:51:19,108 - RS [INFO] - 3/20
2024-04-21 00:52:46,274 - RS [INFO] - 4/20
2024-04-21 00:54:14,417 - RS [INFO] - 5/20
2024-04-21 00:55:43,145 - RS [INFO] - 6/20
2024-04-21 00:57:10,203 - RS [INFO] - 7/20
2024-04-21 00:58:37,296 - RS [INFO] - 8/20
2024-04-21 01:00:03,780 - RS [INFO] - 9/20
2024-04-21 01:01:31,240 - RS [INFO] - 10/20
2024-04-21 01:02:58,193 - RS [INFO] - 11/20
2024-04-21 01:04:24,842 - RS [INFO] - 12/20
2024-04-21 01:05:53,060 - RS [INFO] - 13/20
2024-04-21 01:07:21,348 - RS [INFO] - 14/20
2024-04-21 01:08:49,716 - RS [INFO] - 15/20
2024-04-21 01:10:16,894 - RS [INFO] - 16/20
2024-04-21 01:11:43,805 - RS [INFO] - 17/20
2024-04-21 01:13:11,096 - RS [INFO] - 18/20
2024-04-21 01:14:38,735 - RS [INFO] - 19/20
2024-04-21 01:16:06,144 - RS [INFO] - save weight:D:\Search\Remote sensing\MyRS\model_save_dir\unetplusplus\water\unetplusplus-water-10.pth
2024-04-21 01:22:40,158 - RS [INFO] - 0/20
2024-04-21 01:24:06,586 - RS [INFO] - 1/20
2024-04-21 01:25:32,993 - RS [INFO] - 2/20
2024-04-21 01:27:00,154 - RS [INFO] - 3/20
2024-04-21 01:28:28,405 - RS [INFO] - 4/20
2024-04-21 01:29:56,025 - RS [INFO] - 5/20
2024-04-21 01:31:25,371 - RS [INFO] - 6/20
2024-04-21 01:32:52,388 - RS [INFO] - 7/20
2024-04-21 01:34:20,448 - RS [INFO] - 8/20
2024-04-21 01:35:47,743 - RS [INFO] - 9/20
2024-04-21 01:37:15,170 - RS [INFO] - 10/20
2024-04-21 01:38:42,362 - RS [INFO] - 11/20
2024-04-21 01:40:10,587 - RS [INFO] - 12/20
2024-04-21 01:41:38,675 - RS [INFO] - 13/20
2024-04-21 01:43:07,090 - RS [INFO] - 14/20
2024-04-21 01:44:35,436 - RS [INFO] - 15/20
2024-04-21 01:46:02,654 - RS [INFO] - 16/20
2024-04-21 01:47:29,290 - RS [INFO] - 17/20
2024-04-21 01:48:57,284 - RS [INFO] - 18/20
2024-04-21 01:50:25,832 - RS [INFO] - 19/20
2024-04-21 01:51:54,361 - RS [INFO] - save weight:D:\Search\Remote sensing\MyRS\model_save_dir\unetplusplus\water\unetplusplus-water-11.pth
2024-04-21 01:58:29,091 - RS [INFO] - 0/20
2024-04-21 01:59:57,522 - RS [INFO] - 1/20
2024-04-21 02:01:24,906 - RS [INFO] - 2/20
2024-04-21 02:02:52,221 - RS [INFO] - 3/20
2024-04-21 02:04:21,413 - RS [INFO] - 4/20
2024-04-21 02:05:49,129 - RS [INFO] - 5/20
2024-04-21 02:07:17,491 - RS [INFO] - 6/20
2024-04-21 02:08:45,299 - RS [INFO] - 7/20
2024-04-21 02:10:14,154 - RS [INFO] - 8/20
2024-04-21 02:11:43,239 - RS [INFO] - 9/20
2024-04-21 02:13:10,417 - RS [INFO] - 10/20
2024-04-21 02:14:37,500 - RS [INFO] - 11/20
2024-04-21 02:16:05,236 - RS [INFO] - 12/20
2024-04-21 02:17:34,273 - RS [INFO] - 13/20
2024-04-21 02:19:01,729 - RS [INFO] - 14/20
2024-04-21 02:20:30,592 - RS [INFO] - 15/20
2024-04-21 02:21:57,891 - RS [INFO] - 16/20
2024-04-21 02:23:26,987 - RS [INFO] - 17/20
2024-04-21 02:24:54,828 - RS [INFO] - 18/20
2024-04-21 02:26:23,092 - RS [INFO] - 19/20
2024-04-21 02:27:52,343 - RS [INFO] - save weight:D:\Search\Remote sensing\MyRS\model_save_dir\unetplusplus\water\unetplusplus-water-12.pth
2024-04-21 02:34:27,499 - RS [INFO] - 0/20
2024-04-21 02:35:54,934 - RS [INFO] - 1/20
2024-04-21 02:37:21,571 - RS [INFO] - 2/20
2024-04-21 02:38:48,270 - RS [INFO] - 3/20
2024-04-21 02:40:17,120 - RS [INFO] - 4/20
2024-04-21 02:41:45,065 - RS [INFO] - 5/20
2024-04-21 02:43:12,317 - RS [INFO] - 6/20
2024-04-21 02:44:40,043 - RS [INFO] - 7/20
2024-04-21 02:46:08,219 - RS [INFO] - 8/20
2024-04-21 02:47:35,157 - RS [INFO] - 9/20
2024-04-21 02:49:01,915 - RS [INFO] - 10/20
2024-04-21 02:50:32,215 - RS [INFO] - 11/20
2024-04-21 02:52:00,168 - RS [INFO] - 12/20
2024-04-21 02:53:27,282 - RS [INFO] - 13/20
2024-04-21 02:54:54,887 - RS [INFO] - 14/20
2024-04-21 02:56:22,917 - RS [INFO] - 15/20
2024-04-21 02:57:50,266 - RS [INFO] - 16/20
2024-04-21 02:59:19,060 - RS [INFO] - 17/20
2024-04-21 03:00:48,797 - RS [INFO] - 18/20
2024-04-21 03:02:16,877 - RS [INFO] - 19/20
2024-04-21 03:03:44,625 - RS [INFO] - save weight:D:\Search\Remote sensing\MyRS\model_save_dir\unetplusplus\water\unetplusplus-water-13.pth
2024-04-21 03:10:18,354 - RS [INFO] - 0/20
2024-04-21 03:11:46,442 - RS [INFO] - 1/20
2024-04-21 03:13:14,271 - RS [INFO] - 2/20
2024-04-21 03:14:41,367 - RS [INFO] - 3/20
2024-04-21 03:16:08,814 - RS [INFO] - 4/20
2024-04-21 03:17:35,986 - RS [INFO] - 5/20
2024-04-21 03:19:02,954 - RS [INFO] - 6/20
2024-04-21 03:20:31,076 - RS [INFO] - 7/20
2024-04-21 03:21:58,672 - RS [INFO] - 8/20
2024-04-21 03:23:26,925 - RS [INFO] - 9/20
2024-04-21 03:24:55,269 - RS [INFO] - 10/20
2024-04-21 03:26:23,544 - RS [INFO] - 11/20
2024-04-21 03:27:50,558 - RS [INFO] - 12/20
2024-04-21 03:29:18,782 - RS [INFO] - 13/20
2024-04-21 03:30:46,336 - RS [INFO] - 14/20
2024-04-21 03:32:13,706 - RS [INFO] - 15/20
2024-04-21 03:33:43,402 - RS [INFO] - 16/20
2024-04-21 03:35:11,632 - RS [INFO] - 17/20
2024-04-21 03:36:40,831 - RS [INFO] - 18/20
2024-04-21 03:38:08,904 - RS [INFO] - 19/20
2024-04-21 03:39:37,085 - RS [INFO] - save weight:D:\Search\Remote sensing\MyRS\model_save_dir\unetplusplus\water\unetplusplus-water-14.pth
2024-04-21 03:46:12,652 - RS [INFO] - 0/20
2024-04-21 03:47:41,307 - RS [INFO] - 1/20
2024-04-21 03:49:10,091 - RS [INFO] - 2/20
2024-04-21 03:50:37,392 - RS [INFO] - 3/20
2024-04-21 03:52:05,064 - RS [INFO] - 4/20
2024-04-21 03:53:32,014 - RS [INFO] - 5/20
2024-04-21 03:54:59,903 - RS [INFO] - 6/20
2024-04-21 03:56:29,460 - RS [INFO] - 7/20
2024-04-21 03:57:58,292 - RS [INFO] - 8/20
2024-04-21 03:59:26,772 - RS [INFO] - 9/20
2024-04-21 04:00:54,970 - RS [INFO] - 10/20
2024-04-21 04:02:22,646 - RS [INFO] - 11/20
2024-04-21 04:03:51,242 - RS [INFO] - 12/20
2024-04-21 04:05:20,207 - RS [INFO] - 13/20
2024-04-21 04:06:48,517 - RS [INFO] - 14/20
2024-04-21 04:08:17,468 - RS [INFO] - 15/20
2024-04-21 04:09:44,970 - RS [INFO] - 16/20
2024-04-21 04:11:13,038 - RS [INFO] - 17/20
2024-04-21 04:12:41,570 - RS [INFO] - 18/20
2024-04-21 04:14:09,803 - RS [INFO] - 19/20
2024-04-21 04:15:38,284 - RS [INFO] - save weight:D:\Search\Remote sensing\MyRS\model_save_dir\unetplusplus\water\unetplusplus-water-15.pth
2024-04-21 04:22:18,957 - RS [INFO] - 0/20
2024-04-21 04:23:47,058 - RS [INFO] - 1/20
2024-04-21 04:25:15,083 - RS [INFO] - 2/20
2024-04-21 04:26:43,842 - RS [INFO] - 3/20
2024-04-21 04:28:13,587 - RS [INFO] - 4/20
2024-04-21 04:29:41,465 - RS [INFO] - 5/20
2024-04-21 04:31:10,544 - RS [INFO] - 6/20
2024-04-21 04:32:37,010 - RS [INFO] - 7/20
2024-04-21 04:34:05,787 - RS [INFO] - 8/20
2024-04-21 04:35:33,560 - RS [INFO] - 9/20
2024-04-21 04:37:01,803 - RS [INFO] - 10/20
2024-04-21 04:38:30,186 - RS [INFO] - 11/20
2024-04-21 04:39:58,995 - RS [INFO] - 12/20
2024-04-21 04:41:28,402 - RS [INFO] - 13/20
2024-04-21 04:42:56,886 - RS [INFO] - 14/20
2024-04-21 04:44:24,410 - RS [INFO] - 15/20
2024-04-21 04:45:52,231 - RS [INFO] - 16/20
2024-04-21 04:47:19,939 - RS [INFO] - 17/20
2024-04-21 04:48:47,510 - RS [INFO] - 18/20
2024-04-21 04:50:15,824 - RS [INFO] - 19/20
2024-04-21 04:51:42,263 - RS [INFO] - save weight:D:\Search\Remote sensing\MyRS\model_save_dir\unetplusplus\water\unetplusplus-water-16.pth
2024-04-21 04:58:16,628 - RS [INFO] - 0/20
2024-04-21 04:59:45,654 - RS [INFO] - 1/20
2024-04-21 05:01:14,546 - RS [INFO] - 2/20
2024-04-21 05:02:41,979 - RS [INFO] - 3/20
2024-04-21 05:04:10,165 - RS [INFO] - 4/20
2024-04-21 05:05:37,274 - RS [INFO] - 5/20
2024-04-21 05:07:04,255 - RS [INFO] - 6/20
2024-04-21 05:08:32,668 - RS [INFO] - 7/20
2024-04-21 05:10:00,920 - RS [INFO] - 8/20
2024-04-21 05:11:27,887 - RS [INFO] - 9/20
2024-04-21 05:12:56,244 - RS [INFO] - 10/20
2024-04-21 05:14:25,034 - RS [INFO] - 11/20
2024-04-21 05:15:53,237 - RS [INFO] - 12/20
2024-04-21 05:17:21,055 - RS [INFO] - 13/20
2024-04-21 05:18:48,564 - RS [INFO] - 14/20
2024-04-21 05:20:17,385 - RS [INFO] - 15/20
2024-04-21 05:21:46,311 - RS [INFO] - 16/20
2024-04-21 05:23:15,291 - RS [INFO] - 17/20
2024-04-21 05:24:43,369 - RS [INFO] - 18/20
2024-04-21 05:26:11,557 - RS [INFO] - 19/20
2024-04-21 05:27:39,423 - RS [INFO] - save weight:D:\Search\Remote sensing\MyRS\model_save_dir\unetplusplus\water\unetplusplus-water-17.pth
2024-04-21 05:34:13,646 - RS [INFO] - 0/20
2024-04-21 05:35:41,140 - RS [INFO] - 1/20
2024-04-21 05:37:09,219 - RS [INFO] - 2/20
2024-04-21 05:38:36,333 - RS [INFO] - 3/20
2024-04-21 05:40:04,704 - RS [INFO] - 4/20
2024-04-21 05:41:32,774 - RS [INFO] - 5/20
2024-04-21 05:43:00,655 - RS [INFO] - 6/20
2024-04-21 05:44:29,042 - RS [INFO] - 7/20
2024-04-21 05:45:57,357 - RS [INFO] - 8/20
2024-04-21 05:47:25,684 - RS [INFO] - 9/20
2024-04-21 05:48:53,097 - RS [INFO] - 10/20
2024-04-21 05:50:20,303 - RS [INFO] - 11/20
2024-04-21 05:51:47,909 - RS [INFO] - 12/20
2024-04-21 05:53:16,167 - RS [INFO] - 13/20
2024-04-21 05:54:44,750 - RS [INFO] - 14/20
2024-04-21 05:56:13,198 - RS [INFO] - 15/20
2024-04-21 05:57:41,034 - RS [INFO] - 16/20
2024-04-21 05:59:09,588 - RS [INFO] - 17/20
2024-04-21 06:00:36,806 - RS [INFO] - 18/20
2024-04-21 06:02:05,039 - RS [INFO] - 19/20
2024-04-21 06:03:34,453 - RS [INFO] - save weight:D:\Search\Remote sensing\MyRS\model_save_dir\unetplusplus\water\unetplusplus-water-18.pth
2024-04-21 06:10:09,094 - RS [INFO] - 0/20
2024-04-21 06:11:38,138 - RS [INFO] - 1/20
2024-04-21 06:13:05,929 - RS [INFO] - 2/20
2024-04-21 06:14:34,542 - RS [INFO] - 3/20
2024-04-21 06:16:01,349 - RS [INFO] - 4/20
2024-04-21 06:17:31,216 - RS [INFO] - 5/20
2024-04-21 06:19:00,598 - RS [INFO] - 6/20
2024-04-21 06:20:28,179 - RS [INFO] - 7/20
2024-04-21 06:21:56,183 - RS [INFO] - 8/20
2024-04-21 06:23:22,850 - RS [INFO] - 9/20
2024-04-21 06:24:51,583 - RS [INFO] - 10/20
2024-04-21 06:26:20,301 - RS [INFO] - 11/20
2024-04-21 06:27:49,137 - RS [INFO] - 12/20
2024-04-21 06:29:16,458 - RS [INFO] - 13/20
2024-04-21 06:30:45,378 - RS [INFO] - 14/20
2024-04-21 06:32:13,666 - RS [INFO] - 15/20
2024-04-21 06:33:41,350 - RS [INFO] - 16/20
2024-04-21 06:35:10,087 - RS [INFO] - 17/20
2024-04-21 06:36:39,090 - RS [INFO] - 18/20
2024-04-21 06:38:06,848 - RS [INFO] - 19/20
2024-04-21 06:39:35,164 - RS [INFO] - save weight:D:\Search\Remote sensing\MyRS\model_save_dir\unetplusplus\water\unetplusplus-water-19.pth
2024-04-21 06:46:11,013 - RS [INFO] - 0/20
2024-04-21 06:47:40,056 - RS [INFO] - 1/20
2024-04-21 06:49:07,869 - RS [INFO] - 2/20
2024-04-21 06:50:35,915 - RS [INFO] - 3/20
2024-04-21 06:52:04,621 - RS [INFO] - 4/20
2024-04-21 06:53:33,052 - RS [INFO] - 5/20
2024-04-21 06:55:00,937 - RS [INFO] - 6/20
2024-04-21 06:56:28,869 - RS [INFO] - 7/20
2024-04-21 06:57:56,448 - RS [INFO] - 8/20
2024-04-21 06:59:24,254 - RS [INFO] - 9/20
2024-04-21 07:00:51,248 - RS [INFO] - 10/20
2024-04-21 07:02:20,609 - RS [INFO] - 11/20
2024-04-21 07:03:48,038 - RS [INFO] - 12/20
2024-04-21 07:05:15,283 - RS [INFO] - 13/20
2024-04-21 07:06:43,038 - RS [INFO] - 14/20
2024-04-21 07:08:10,426 - RS [INFO] - 15/20
2024-04-21 07:09:37,342 - RS [INFO] - 16/20
2024-04-21 07:11:06,446 - RS [INFO] - 17/20
2024-04-21 07:12:34,269 - RS [INFO] - 18/20
2024-04-21 07:14:01,567 - RS [INFO] - 19/20
2024-04-21 07:15:31,033 - RS [INFO] - save weight:D:\Search\Remote sensing\MyRS\model_save_dir\unetplusplus\water\unetplusplus-water-20.pth
2024-04-21 07:22:06,300 - RS [INFO] - 0/20
2024-04-21 07:23:33,665 - RS [INFO] - 1/20
2024-04-21 07:25:01,752 - RS [INFO] - 2/20
2024-04-21 07:26:28,477 - RS [INFO] - 3/20
2024-04-21 07:27:55,161 - RS [INFO] - 4/20
2024-04-21 07:29:23,642 - RS [INFO] - 5/20
2024-04-21 07:30:51,218 - RS [INFO] - 6/20
2024-04-21 07:32:19,366 - RS [INFO] - 7/20
2024-04-21 07:33:47,847 - RS [INFO] - 8/20
2024-04-21 07:35:15,278 - RS [INFO] - 9/20
2024-04-21 07:36:44,096 - RS [INFO] - 10/20
2024-04-21 07:38:12,942 - RS [INFO] - 11/20
2024-04-21 07:39:40,207 - RS [INFO] - 12/20
2024-04-21 07:41:07,461 - RS [INFO] - 13/20
2024-04-21 07:42:36,721 - RS [INFO] - 14/20
2024-04-21 07:44:05,447 - RS [INFO] - 15/20
2024-04-21 07:45:32,648 - RS [INFO] - 16/20
2024-04-21 07:47:02,139 - RS [INFO] - 17/20
2024-04-21 07:48:30,840 - RS [INFO] - 18/20
2024-04-21 07:49:59,327 - RS [INFO] - 19/20
2024-04-21 07:51:26,850 - RS [INFO] - save weight:D:\Search\Remote sensing\MyRS\model_save_dir\unetplusplus\water\unetplusplus-water-21.pth
2024-04-21 07:58:00,882 - RS [INFO] - 0/20
2024-04-21 07:59:28,792 - RS [INFO] - 1/20
2024-04-21 08:00:57,782 - RS [INFO] - 2/20
2024-04-21 08:02:25,876 - RS [INFO] - 3/20
2024-04-21 08:03:53,897 - RS [INFO] - 4/20
2024-04-21 08:05:21,392 - RS [INFO] - 5/20
2024-04-21 08:06:48,450 - RS [INFO] - 6/20
2024-04-21 08:08:15,814 - RS [INFO] - 7/20
2024-04-21 08:09:43,629 - RS [INFO] - 8/20
2024-04-21 08:11:10,370 - RS [INFO] - 9/20
2024-04-21 08:12:40,800 - RS [INFO] - 10/20
2024-04-21 08:14:07,827 - RS [INFO] - 11/20
2024-04-21 08:15:34,212 - RS [INFO] - 12/20
2024-04-21 08:17:12,450 - RS [INFO] - 13/20
2024-04-21 08:18:49,462 - RS [INFO] - 14/20
2024-04-21 08:20:23,295 - RS [INFO] - 15/20
2024-04-21 08:21:56,914 - RS [INFO] - 16/20
2024-04-21 08:23:28,966 - RS [INFO] - 17/20
2024-04-21 08:25:02,732 - RS [INFO] - 18/20
2024-04-21 08:26:36,177 - RS [INFO] - 19/20
2024-04-21 08:28:11,271 - RS [INFO] - save weight:D:\Search\Remote sensing\MyRS\model_save_dir\unetplusplus\water\unetplusplus-water-22.pth
2024-04-21 08:35:04,899 - RS [INFO] - 0/20
2024-04-21 08:36:40,187 - RS [INFO] - 1/20
2024-04-21 08:38:12,794 - RS [INFO] - 2/20
2024-04-21 08:39:47,128 - RS [INFO] - 3/20
2024-04-21 08:41:22,046 - RS [INFO] - 4/20
2024-04-21 08:42:54,368 - RS [INFO] - 5/20
2024-04-21 08:44:28,462 - RS [INFO] - 6/20
2024-04-21 08:46:02,989 - RS [INFO] - 7/20
2024-04-21 08:47:36,742 - RS [INFO] - 8/20
2024-04-21 08:49:10,839 - RS [INFO] - 9/20
2024-04-21 08:50:43,839 - RS [INFO] - 10/20
2024-04-21 08:52:17,932 - RS [INFO] - 11/20
2024-04-21 08:53:51,087 - RS [INFO] - 12/20
2024-04-21 08:55:25,848 - RS [INFO] - 13/20
2024-04-21 08:56:57,228 - RS [INFO] - 14/20
2024-04-21 08:58:25,704 - RS [INFO] - 15/20
2024-04-21 08:59:54,107 - RS [INFO] - 16/20
2024-04-21 09:01:23,684 - RS [INFO] - 17/20
2024-04-21 09:02:52,396 - RS [INFO] - 18/20
2024-04-21 09:04:20,875 - RS [INFO] - 19/20
2024-04-21 09:05:49,047 - RS [INFO] - save weight:D:\Search\Remote sensing\MyRS\model_save_dir\unetplusplus\water\unetplusplus-water-23.pth
2024-04-21 09:12:22,793 - RS [INFO] - 0/20
2024-04-21 09:13:50,396 - RS [INFO] - 1/20
2024-04-21 09:15:19,691 - RS [INFO] - 2/20
2024-04-21 09:16:49,062 - RS [INFO] - 3/20
2024-04-21 09:18:17,290 - RS [INFO] - 4/20
2024-04-21 09:19:45,317 - RS [INFO] - 5/20
2024-04-21 09:21:13,597 - RS [INFO] - 6/20
2024-04-21 09:22:43,007 - RS [INFO] - 7/20
2024-04-21 09:24:12,168 - RS [INFO] - 8/20
2024-04-21 09:25:39,218 - RS [INFO] - 9/20
2024-04-21 09:27:07,714 - RS [INFO] - 10/20
2024-04-21 09:28:34,799 - RS [INFO] - 11/20
2024-04-21 09:30:03,772 - RS [INFO] - 12/20
2024-04-21 09:31:33,028 - RS [INFO] - 13/20
2024-04-21 09:33:01,113 - RS [INFO] - 14/20
2024-04-21 09:34:29,610 - RS [INFO] - 15/20
2024-04-21 09:35:59,418 - RS [INFO] - 16/20
2024-04-21 09:37:27,864 - RS [INFO] - 17/20
2024-04-21 09:38:55,474 - RS [INFO] - 18/20
2024-04-21 09:40:22,598 - RS [INFO] - 19/20
2024-04-21 09:41:49,521 - RS [INFO] - save weight:D:\Search\Remote sensing\MyRS\model_save_dir\unetplusplus\water\unetplusplus-water-24.pth
2024-04-21 09:48:22,191 - RS [INFO] - 0/20
2024-04-21 09:49:50,186 - RS [INFO] - 1/20
2024-04-21 09:51:18,276 - RS [INFO] - 2/20
2024-04-21 09:52:46,012 - RS [INFO] - 3/20
2024-04-21 09:54:14,783 - RS [INFO] - 4/20
2024-04-21 09:55:42,382 - RS [INFO] - 5/20
2024-04-21 09:57:10,400 - RS [INFO] - 6/20
2024-04-21 09:58:38,266 - RS [INFO] - 7/20
2024-04-21 10:00:07,331 - RS [INFO] - 8/20
2024-04-21 10:01:35,702 - RS [INFO] - 9/20
2024-04-21 10:03:03,695 - RS [INFO] - 10/20
2024-04-21 10:04:31,947 - RS [INFO] - 11/20
2024-04-21 10:05:59,334 - RS [INFO] - 12/20
2024-04-21 10:07:27,331 - RS [INFO] - 13/20
2024-04-21 10:08:55,183 - RS [INFO] - 14/20
2024-04-21 10:10:23,263 - RS [INFO] - 15/20
2024-04-21 10:11:51,955 - RS [INFO] - 16/20
2024-04-21 10:13:19,408 - RS [INFO] - 17/20
2024-04-21 10:14:48,513 - RS [INFO] - 18/20
2024-04-21 10:16:15,758 - RS [INFO] - 19/20
2024-04-21 10:17:44,934 - RS [INFO] - save weight:D:\Search\Remote sensing\MyRS\model_save_dir\unetplusplus\water\unetplusplus-water-25.pth
2024-04-21 10:24:18,257 - RS [INFO] - 0/20
2024-04-21 10:25:45,296 - RS [INFO] - 1/20
2024-04-21 10:27:13,889 - RS [INFO] - 2/20
2024-04-21 10:28:43,128 - RS [INFO] - 3/20
2024-04-21 10:30:11,661 - RS [INFO] - 4/20
2024-04-21 10:31:40,571 - RS [INFO] - 5/20
2024-04-21 10:33:09,514 - RS [INFO] - 6/20
2024-04-21 10:34:38,532 - RS [INFO] - 7/20
2024-04-21 10:36:07,038 - RS [INFO] - 8/20
2024-04-21 10:37:35,929 - RS [INFO] - 9/20
2024-04-21 10:39:03,710 - RS [INFO] - 10/20
2024-04-21 10:40:30,222 - RS [INFO] - 11/20
2024-04-21 10:41:58,196 - RS [INFO] - 12/20
2024-04-21 10:43:27,493 - RS [INFO] - 13/20
2024-04-21 10:44:55,139 - RS [INFO] - 14/20
2024-04-21 10:46:23,019 - RS [INFO] - 15/20
2024-04-21 10:47:49,814 - RS [INFO] - 16/20
2024-04-21 10:49:17,527 - RS [INFO] - 17/20
2024-04-21 10:50:44,707 - RS [INFO] - 18/20
2024-04-21 10:52:13,303 - RS [INFO] - 19/20
2024-04-21 10:53:42,189 - RS [INFO] - save weight:D:\Search\Remote sensing\MyRS\model_save_dir\unetplusplus\water\unetplusplus-water-26.pth
2024-04-21 11:00:13,946 - RS [INFO] - 0/20
2024-04-21 11:01:42,537 - RS [INFO] - 1/20
2024-04-21 11:03:10,599 - RS [INFO] - 2/20
2024-04-21 11:04:37,432 - RS [INFO] - 3/20
2024-04-21 11:06:06,238 - RS [INFO] - 4/20
2024-04-21 11:07:33,555 - RS [INFO] - 5/20
2024-04-21 11:09:02,428 - RS [INFO] - 6/20
2024-04-21 11:10:30,429 - RS [INFO] - 7/20
2024-04-21 11:11:59,089 - RS [INFO] - 8/20
2024-04-21 11:13:27,622 - RS [INFO] - 9/20
2024-04-21 11:14:54,864 - RS [INFO] - 10/20
2024-04-21 11:16:22,590 - RS [INFO] - 11/20
2024-04-21 11:17:50,559 - RS [INFO] - 12/20
2024-04-21 11:19:17,938 - RS [INFO] - 13/20
2024-04-21 11:20:46,142 - RS [INFO] - 14/20
2024-04-21 11:22:13,889 - RS [INFO] - 15/20
2024-04-21 11:23:43,502 - RS [INFO] - 16/20
2024-04-21 11:25:13,116 - RS [INFO] - 17/20
2024-04-21 11:26:40,994 - RS [INFO] - 18/20
2024-04-21 11:28:07,451 - RS [INFO] - 19/20
2024-04-21 11:29:34,390 - RS [INFO] - save weight:D:\Search\Remote sensing\MyRS\model_save_dir\unetplusplus\water\unetplusplus-water-27.pth
2024-04-21 11:36:09,291 - RS [INFO] - 0/20
2024-04-21 11:37:38,767 - RS [INFO] - 1/20
2024-04-21 11:39:06,419 - RS [INFO] - 2/20
2024-04-21 11:40:35,352 - RS [INFO] - 3/20
2024-04-21 11:42:03,638 - RS [INFO] - 4/20
2024-04-21 11:43:32,519 - RS [INFO] - 5/20
2024-04-21 11:45:00,094 - RS [INFO] - 6/20
2024-04-21 11:46:27,052 - RS [INFO] - 7/20
2024-04-21 11:47:54,585 - RS [INFO] - 8/20
2024-04-21 11:49:22,730 - RS [INFO] - 9/20
2024-04-21 11:50:50,657 - RS [INFO] - 10/20
2024-04-21 11:52:19,808 - RS [INFO] - 11/20
2024-04-21 11:53:47,567 - RS [INFO] - 12/20
2024-04-21 11:55:14,092 - RS [INFO] - 13/20
2024-04-21 11:56:42,693 - RS [INFO] - 14/20
2024-04-21 11:58:12,320 - RS [INFO] - 15/20
2024-04-21 11:59:39,988 - RS [INFO] - 16/20
2024-04-21 12:01:09,142 - RS [INFO] - 17/20
2024-04-21 12:02:35,502 - RS [INFO] - 18/20
2024-04-21 12:04:03,109 - RS [INFO] - 19/20
2024-04-21 12:05:31,415 - RS [INFO] - save weight:D:\Search\Remote sensing\MyRS\model_save_dir\unetplusplus\water\unetplusplus-water-28.pth
2024-04-21 12:12:06,365 - RS [INFO] - 0/20
2024-04-21 12:13:34,224 - RS [INFO] - 1/20
2024-04-21 12:15:01,919 - RS [INFO] - 2/20
2024-04-21 12:16:32,180 - RS [INFO] - 3/20
2024-04-21 12:18:00,569 - RS [INFO] - 4/20
2024-04-21 12:19:27,501 - RS [INFO] - 5/20
2024-04-21 12:20:55,910 - RS [INFO] - 6/20
2024-04-21 12:22:22,972 - RS [INFO] - 7/20
2024-04-21 12:23:50,983 - RS [INFO] - 8/20
2024-04-21 12:25:18,449 - RS [INFO] - 9/20
2024-04-21 12:26:46,881 - RS [INFO] - 10/20
2024-04-21 12:28:13,433 - RS [INFO] - 11/20
2024-04-21 12:29:41,610 - RS [INFO] - 12/20
2024-04-21 12:31:10,684 - RS [INFO] - 13/20
2024-04-21 12:32:38,635 - RS [INFO] - 14/20
2024-04-21 12:34:07,202 - RS [INFO] - 15/20
2024-04-21 12:35:36,176 - RS [INFO] - 16/20
2024-04-21 12:37:05,126 - RS [INFO] - 17/20
2024-04-21 12:38:35,042 - RS [INFO] - 18/20
2024-04-21 12:40:03,983 - RS [INFO] - 19/20
2024-04-21 12:41:32,333 - RS [INFO] - save weight:D:\Search\Remote sensing\MyRS\model_save_dir\unetplusplus\water\unetplusplus-water-29.pth
2024-04-21 12:48:05,611 - RS [INFO] - 0/20
2024-04-21 12:49:33,423 - RS [INFO] - 1/20
2024-04-21 12:51:01,321 - RS [INFO] - 2/20
2024-04-21 12:52:28,565 - RS [INFO] - 3/20
2024-04-21 12:53:55,858 - RS [INFO] - 4/20
2024-04-21 12:55:23,729 - RS [INFO] - 5/20
2024-04-21 12:56:53,708 - RS [INFO] - 6/20
2024-04-21 12:58:20,655 - RS [INFO] - 7/20
2024-04-21 12:59:47,725 - RS [INFO] - 8/20
2024-04-21 13:01:17,093 - RS [INFO] - 9/20
2024-04-21 13:02:44,928 - RS [INFO] - 10/20
2024-04-21 13:04:13,547 - RS [INFO] - 11/20
2024-04-21 13:05:42,154 - RS [INFO] - 12/20
2024-04-21 13:07:09,043 - RS [INFO] - 13/20
2024-04-21 13:08:39,260 - RS [INFO] - 14/20
2024-04-21 13:10:08,055 - RS [INFO] - 15/20
2024-04-21 13:11:37,926 - RS [INFO] - 16/20
2024-04-21 13:13:05,399 - RS [INFO] - 17/20
2024-04-21 13:14:35,161 - RS [INFO] - 18/20
2024-04-21 13:16:02,797 - RS [INFO] - 19/20
2024-04-21 13:17:30,234 - RS [INFO] - save weight:D:\Search\Remote sensing\MyRS\model_save_dir\unetplusplus\water\unetplusplus-water-30.pth
2024-04-21 13:24:03,892 - RS [INFO] - 0/20
2024-04-21 13:25:31,811 - RS [INFO] - 1/20
2024-04-21 13:27:00,849 - RS [INFO] - 2/20
2024-04-21 13:28:29,490 - RS [INFO] - 3/20
2024-04-21 13:29:58,287 - RS [INFO] - 4/20
2024-04-21 13:31:26,601 - RS [INFO] - 5/20
2024-04-21 13:32:52,351 - RS [INFO] - 6/20
2024-04-21 13:34:20,938 - RS [INFO] - 7/20
2024-04-21 13:35:48,758 - RS [INFO] - 8/20
2024-04-21 13:37:17,327 - RS [INFO] - 9/20
2024-04-21 13:38:46,639 - RS [INFO] - 10/20
2024-04-21 13:40:13,249 - RS [INFO] - 11/20
2024-04-21 13:41:41,408 - RS [INFO] - 12/20
2024-04-21 13:43:09,151 - RS [INFO] - 13/20
2024-04-21 13:44:36,409 - RS [INFO] - 14/20
2024-04-21 13:46:04,501 - RS [INFO] - 15/20
2024-04-21 13:47:32,248 - RS [INFO] - 16/20
2024-04-21 13:49:00,201 - RS [INFO] - 17/20
2024-04-21 13:50:28,124 - RS [INFO] - 18/20
2024-04-21 13:51:57,723 - RS [INFO] - 19/20
2024-04-21 13:53:25,330 - RS [INFO] - save weight:D:\Search\Remote sensing\MyRS\model_save_dir\unetplusplus\water\unetplusplus-water-31.pth
2024-04-21 13:59:59,156 - RS [INFO] - 0/20
2024-04-21 14:01:29,223 - RS [INFO] - 1/20
2024-04-21 14:02:57,766 - RS [INFO] - 2/20
2024-04-21 14:04:25,712 - RS [INFO] - 3/20
2024-04-21 14:05:53,109 - RS [INFO] - 4/20
2024-04-21 14:07:21,159 - RS [INFO] - 5/20
2024-04-21 14:08:49,753 - RS [INFO] - 6/20
2024-04-21 14:10:16,961 - RS [INFO] - 7/20
2024-04-21 14:11:46,194 - RS [INFO] - 8/20
2024-04-21 14:13:14,344 - RS [INFO] - 9/20
2024-04-21 14:14:41,159 - RS [INFO] - 10/20
2024-04-21 14:16:08,821 - RS [INFO] - 11/20
2024-04-21 14:17:37,970 - RS [INFO] - 12/20
2024-04-21 14:19:05,735 - RS [INFO] - 13/20
2024-04-21 14:20:34,588 - RS [INFO] - 14/20
2024-04-21 14:22:02,633 - RS [INFO] - 15/20
2024-04-21 14:23:31,492 - RS [INFO] - 16/20
2024-04-21 14:24:58,598 - RS [INFO] - 17/20
2024-04-21 14:26:27,843 - RS [INFO] - 18/20
2024-04-21 14:27:55,609 - RS [INFO] - 19/20
2024-04-21 14:29:22,566 - RS [INFO] - save weight:D:\Search\Remote sensing\MyRS\model_save_dir\unetplusplus\water\unetplusplus-water-32.pth
2024-04-21 14:35:56,655 - RS [INFO] - 0/20
2024-04-21 14:37:25,747 - RS [INFO] - 1/20
2024-04-21 14:38:55,029 - RS [INFO] - 2/20
2024-04-21 14:40:24,429 - RS [INFO] - 3/20
2024-04-21 14:41:53,062 - RS [INFO] - 4/20
2024-04-21 14:43:22,373 - RS [INFO] - 5/20
2024-04-21 14:44:51,852 - RS [INFO] - 6/20
2024-04-21 14:46:18,089 - RS [INFO] - 7/20
2024-04-21 14:47:45,395 - RS [INFO] - 8/20
2024-04-21 14:49:14,502 - RS [INFO] - 9/20
2024-04-21 14:50:44,342 - RS [INFO] - 10/20
2024-04-21 14:52:11,855 - RS [INFO] - 11/20
2024-04-21 14:53:40,409 - RS [INFO] - 12/20
2024-04-21 14:55:06,926 - RS [INFO] - 13/20
2024-04-21 14:56:34,695 - RS [INFO] - 14/20
2024-04-21 14:58:02,364 - RS [INFO] - 15/20
2024-04-21 14:59:29,085 - RS [INFO] - 16/20
2024-04-21 15:00:56,379 - RS [INFO] - 17/20
2024-04-21 15:02:24,223 - RS [INFO] - 18/20
2024-04-21 15:03:52,139 - RS [INFO] - 19/20
2024-04-21 15:05:18,708 - RS [INFO] - save weight:D:\Search\Remote sensing\MyRS\model_save_dir\unetplusplus\water\unetplusplus-water-33.pth
2024-04-21 15:11:56,239 - RS [INFO] - 0/20
2024-04-21 15:13:24,631 - RS [INFO] - 1/20
2024-04-21 15:14:52,023 - RS [INFO] - 2/20
2024-04-21 15:16:20,006 - RS [INFO] - 3/20
2024-04-21 15:17:47,936 - RS [INFO] - 4/20
2024-04-21 15:19:15,783 - RS [INFO] - 5/20
2024-04-21 15:20:43,484 - RS [INFO] - 6/20
2024-04-21 15:22:11,352 - RS [INFO] - 7/20
2024-04-21 15:23:39,112 - RS [INFO] - 8/20
2024-04-21 15:25:05,697 - RS [INFO] - 9/20
2024-04-21 15:26:33,239 - RS [INFO] - 10/20
2024-04-21 15:28:01,482 - RS [INFO] - 11/20
2024-04-21 15:29:29,528 - RS [INFO] - 12/20
2024-04-21 15:30:57,564 - RS [INFO] - 13/20
2024-04-21 15:32:25,102 - RS [INFO] - 14/20
2024-04-21 15:33:52,626 - RS [INFO] - 15/20
2024-04-21 15:35:19,707 - RS [INFO] - 16/20
2024-04-21 15:36:46,863 - RS [INFO] - 17/20
2024-04-21 15:38:13,892 - RS [INFO] - 18/20
2024-04-21 15:39:42,157 - RS [INFO] - 19/20
2024-04-21 15:41:10,620 - RS [INFO] - save weight:D:\Search\Remote sensing\MyRS\model_save_dir\unetplusplus\water\unetplusplus-water-34.pth
2024-04-21 15:47:45,250 - RS [INFO] - 0/20
2024-04-21 15:49:13,296 - RS [INFO] - 1/20
2024-04-21 15:50:40,871 - RS [INFO] - 2/20
2024-04-21 15:52:08,495 - RS [INFO] - 3/20
2024-04-21 15:53:36,428 - RS [INFO] - 4/20
2024-04-21 15:55:04,059 - RS [INFO] - 5/20
2024-04-21 15:56:31,133 - RS [INFO] - 6/20
2024-04-21 15:58:00,118 - RS [INFO] - 7/20
2024-04-21 15:59:27,580 - RS [INFO] - 8/20
2024-04-21 16:00:54,928 - RS [INFO] - 9/20
2024-04-21 16:02:22,245 - RS [INFO] - 10/20
2024-04-21 16:03:49,407 - RS [INFO] - 11/20
2024-04-21 16:05:17,459 - RS [INFO] - 12/20
2024-04-21 16:06:45,177 - RS [INFO] - 13/20
2024-04-21 16:08:12,681 - RS [INFO] - 14/20
2024-04-21 16:09:41,629 - RS [INFO] - 15/20
2024-04-21 16:11:08,749 - RS [INFO] - 16/20
2024-04-21 16:12:37,673 - RS [INFO] - 17/20
2024-04-21 16:14:05,756 - RS [INFO] - 18/20
2024-04-21 16:15:32,860 - RS [INFO] - 19/20
2024-04-21 16:17:00,240 - RS [INFO] - save weight:D:\Search\Remote sensing\MyRS\model_save_dir\unetplusplus\water\unetplusplus-water-35.pth
2024-04-21 16:23:33,265 - RS [INFO] - 0/20
2024-04-21 16:25:00,716 - RS [INFO] - 1/20
2024-04-21 16:26:28,210 - RS [INFO] - 2/20
2024-04-21 16:27:56,685 - RS [INFO] - 3/20
2024-04-21 16:29:23,740 - RS [INFO] - 4/20
2024-04-21 16:30:50,121 - RS [INFO] - 5/20
2024-04-21 16:32:17,853 - RS [INFO] - 6/20
2024-04-21 16:33:45,369 - RS [INFO] - 7/20
2024-04-21 16:35:11,810 - RS [INFO] - 8/20
2024-04-21 16:36:39,344 - RS [INFO] - 9/20
2024-04-21 16:38:07,466 - RS [INFO] - 10/20
2024-04-21 16:39:35,045 - RS [INFO] - 11/20
2024-04-21 16:41:02,293 - RS [INFO] - 12/20
2024-04-21 16:42:30,746 - RS [INFO] - 13/20
2024-04-21 16:43:58,378 - RS [INFO] - 14/20
2024-04-21 16:45:26,428 - RS [INFO] - 15/20
2024-04-21 16:46:56,127 - RS [INFO] - 16/20
2024-04-21 16:48:23,616 - RS [INFO] - 17/20
2024-04-21 16:49:51,112 - RS [INFO] - 18/20
2024-04-21 16:51:19,286 - RS [INFO] - 19/20
2024-04-21 16:52:46,716 - RS [INFO] - save weight:D:\Search\Remote sensing\MyRS\model_save_dir\unetplusplus\water\unetplusplus-water-36.pth
2024-04-21 16:59:19,653 - RS [INFO] - 0/20
2024-04-21 17:00:46,505 - RS [INFO] - 1/20
2024-04-21 17:02:15,017 - RS [INFO] - 2/20
2024-04-21 17:03:42,697 - RS [INFO] - 3/20
2024-04-21 17:05:10,927 - RS [INFO] - 4/20
2024-04-21 17:06:38,745 - RS [INFO] - 5/20
2024-04-21 17:08:06,209 - RS [INFO] - 6/20
2024-04-21 17:09:34,391 - RS [INFO] - 7/20
2024-04-21 17:11:00,556 - RS [INFO] - 8/20
2024-04-21 17:12:28,064 - RS [INFO] - 9/20
2024-04-21 17:13:55,772 - RS [INFO] - 10/20
2024-04-21 17:15:23,197 - RS [INFO] - 11/20
2024-04-21 17:16:49,812 - RS [INFO] - 12/20
2024-04-21 17:18:15,821 - RS [INFO] - 13/20
2024-04-21 17:19:42,221 - RS [INFO] - 14/20
2024-04-21 17:21:09,498 - RS [INFO] - 15/20
2024-04-21 17:22:37,440 - RS [INFO] - 16/20
2024-04-21 17:24:05,515 - RS [INFO] - 17/20
2024-04-21 17:25:32,977 - RS [INFO] - 18/20
2024-04-21 17:27:00,318 - RS [INFO] - 19/20
2024-04-21 17:28:29,035 - RS [INFO] - save weight:D:\Search\Remote sensing\MyRS\model_save_dir\unetplusplus\water\unetplusplus-water-37.pth
2024-04-21 17:35:03,162 - RS [INFO] - 0/20
2024-04-21 17:36:31,003 - RS [INFO] - 1/20
2024-04-21 17:37:58,778 - RS [INFO] - 2/20
2024-04-21 17:39:27,287 - RS [INFO] - 3/20
2024-04-21 17:40:55,165 - RS [INFO] - 4/20
2024-04-21 17:42:23,821 - RS [INFO] - 5/20
2024-04-21 17:43:51,720 - RS [INFO] - 6/20
2024-04-21 17:45:18,644 - RS [INFO] - 7/20
2024-04-21 17:46:45,197 - RS [INFO] - 8/20
2024-04-21 17:48:13,831 - RS [INFO] - 9/20
2024-04-21 17:49:41,317 - RS [INFO] - 10/20
2024-04-21 17:51:08,380 - RS [INFO] - 11/20
2024-04-21 17:52:36,372 - RS [INFO] - 12/20
2024-04-21 17:54:03,568 - RS [INFO] - 13/20
2024-04-21 17:55:30,837 - RS [INFO] - 14/20
2024-04-21 17:56:57,170 - RS [INFO] - 15/20
2024-04-21 17:58:25,213 - RS [INFO] - 16/20
2024-04-21 17:59:54,050 - RS [INFO] - 17/20
2024-04-21 18:01:22,503 - RS [INFO] - 18/20
2024-04-21 18:02:49,456 - RS [INFO] - 19/20
2024-04-21 18:04:17,963 - RS [INFO] - save weight:D:\Search\Remote sensing\MyRS\model_save_dir\unetplusplus\water\unetplusplus-water-38.pth
2024-04-21 18:10:52,442 - RS [INFO] - 0/20
2024-04-21 18:12:21,486 - RS [INFO] - 1/20
2024-04-21 18:13:48,841 - RS [INFO] - 2/20
2024-04-21 18:15:17,196 - RS [INFO] - 3/20
2024-04-21 18:16:45,984 - RS [INFO] - 4/20
2024-04-21 18:18:12,327 - RS [INFO] - 5/20
2024-04-21 18:19:40,070 - RS [INFO] - 6/20
2024-04-21 18:21:08,572 - RS [INFO] - 7/20
2024-04-21 18:22:34,833 - RS [INFO] - 8/20
2024-04-21 18:24:03,125 - RS [INFO] - 9/20
2024-04-21 18:25:30,673 - RS [INFO] - 10/20
2024-04-21 18:26:58,747 - RS [INFO] - 11/20
2024-04-21 18:28:24,884 - RS [INFO] - 12/20
2024-04-21 18:29:52,807 - RS [INFO] - 13/20
2024-04-21 18:31:20,909 - RS [INFO] - 14/20
2024-04-21 18:32:47,447 - RS [INFO] - 15/20
2024-04-21 18:34:15,391 - RS [INFO] - 16/20
2024-04-21 18:35:42,315 - RS [INFO] - 17/20
2024-04-21 18:37:09,691 - RS [INFO] - 18/20
2024-04-21 18:38:37,753 - RS [INFO] - 19/20
2024-04-21 18:40:05,483 - RS [INFO] - save weight:D:\Search\Remote sensing\MyRS\model_save_dir\unetplusplus\water\unetplusplus-water-39.pth
2024-04-21 18:46:40,242 - RS [INFO] - 0/20
2024-04-21 18:48:08,087 - RS [INFO] - 1/20
2024-04-21 18:49:36,149 - RS [INFO] - 2/20
2024-04-21 18:51:03,397 - RS [INFO] - 3/20
2024-04-21 18:52:30,367 - RS [INFO] - 4/20
2024-04-21 18:53:57,742 - RS [INFO] - 5/20
2024-04-21 18:55:24,580 - RS [INFO] - 6/20
2024-04-21 18:56:52,002 - RS [INFO] - 7/20
2024-04-21 18:58:20,534 - RS [INFO] - 8/20
2024-04-21 18:59:48,313 - RS [INFO] - 9/20
2024-04-21 19:01:15,553 - RS [INFO] - 10/20
2024-04-21 19:02:43,943 - RS [INFO] - 11/20
2024-04-21 19:04:10,817 - RS [INFO] - 12/20
2024-04-21 19:05:40,124 - RS [INFO] - 13/20
2024-04-21 19:07:14,135 - RS [INFO] - 14/20
2024-04-21 19:08:49,397 - RS [INFO] - 15/20
2024-04-21 19:10:26,546 - RS [INFO] - 16/20
2024-04-21 19:12:02,525 - RS [INFO] - 17/20
2024-04-21 19:13:37,534 - RS [INFO] - 18/20
2024-04-21 19:15:14,483 - RS [INFO] - 19/20
2024-04-21 19:16:51,394 - RS [INFO] - save weight:D:\Search\Remote sensing\MyRS\model_save_dir\unetplusplus\water\unetplusplus-water-40.pth
2024-04-21 19:23:50,502 - RS [INFO] - 0/20
