2024-04-17 10:37:25,716 - RS [INFO] - ======================================== Program Start ========================================
2024-04-17 10:37:25,782 - RS [INFO] - Found gpu 0, used memory 1867915264.
2024-04-17 10:37:25,789 - RS [INFO] - Running with args:
2024-04-17 10:37:25,789 - RS [INFO] - {'model_name': 'unetplusplus', 'dataset_name': 'chicago', 'train_ratio': 0.8, 'batch_size': 8, 'learning_rate': 0.001, 'num_head': 8, 'max_epoch': 20, 'dataset_path': 'D:/Search/Remote sensing/Dataset\\chicago', 'is_seeds': False, 'super_epoch': 0, 'model_save_path': WindowsPath('D:/Search/Remote sensing/MyRS/model_save_dir/unetplusplus/chicago/unetplusplus-chicago-0.pth'), 'device': device(type='cuda', index=0), 'image_save_path': WindowsPath('D:/Search/Remote sensing/MyRS/train_image')}
2024-04-17 10:37:25,789 - RS [INFO] - Seeds: [1111]
2024-04-17 10:37:26,015 - RS [INFO] - The model has 8361708 trainable parameters
2024-04-17 10:37:26,015 - RS [INFO] - not successful load weight
2024-04-17 10:38:53,710 - RS [INFO] - ======================================== Program Start ========================================
2024-04-17 10:38:53,747 - RS [INFO] - Found gpu 0, used memory 1895866368.
2024-04-17 10:38:53,749 - RS [INFO] - Running with args:
2024-04-17 10:38:53,749 - RS [INFO] - {'model_name': 'unetplusplus', 'dataset_name': 'chicago', 'train_ratio': 0.8, 'batch_size': 8, 'learning_rate': 0.001, 'num_head': 8, 'max_epoch': 20, 'dataset_path': 'D:/Search/Remote sensing/Dataset\\chicago', 'is_seeds': False, 'super_epoch': 0, 'model_save_path': WindowsPath('D:/Search/Remote sensing/MyRS/model_save_dir/unetplusplus/chicago/unetplusplus-chicago-0.pth'), 'device': device(type='cuda', index=0), 'image_save_path': WindowsPath('D:/Search/Remote sensing/MyRS/train_image')}
2024-04-17 10:38:53,749 - RS [INFO] - Seeds: [1111]
2024-04-17 10:38:53,936 - RS [INFO] - The model has 8361708 trainable parameters
2024-04-17 10:38:53,937 - RS [INFO] - not successful load weight
2024-04-17 10:39:43,746 - RS [INFO] - ======================================== Program Start ========================================
2024-04-17 10:39:43,803 - RS [INFO] - Found gpu 0, used memory 1881178112.
2024-04-17 10:39:43,804 - RS [INFO] - Running with args:
2024-04-17 10:39:43,805 - RS [INFO] - {'model_name': 'unetplusplus', 'dataset_name': 'chicago', 'train_ratio': 0.8, 'batch_size': 16, 'learning_rate': 0.001, 'num_head': 8, 'max_epoch': 20, 'dataset_path': 'D:/Search/Remote sensing/Dataset\\chicago', 'is_seeds': False, 'super_epoch': 0, 'model_save_path': WindowsPath('D:/Search/Remote sensing/MyRS/model_save_dir/unetplusplus/chicago/unetplusplus-chicago-0.pth'), 'device': device(type='cuda', index=0), 'image_save_path': WindowsPath('D:/Search/Remote sensing/MyRS/train_image')}
2024-04-17 10:39:43,805 - RS [INFO] - Seeds: [1111]
2024-04-17 10:39:44,002 - RS [INFO] - The model has 8361708 trainable parameters
2024-04-17 10:39:44,003 - RS [INFO] - not successful load weight
2024-04-17 10:44:35,556 - RS [INFO] - ======================================== Program Start ========================================
2024-04-17 10:44:35,594 - RS [INFO] - Found gpu 0, used memory 1822089216.
2024-04-17 10:44:35,595 - RS [INFO] - Running with args:
2024-04-17 10:44:35,595 - RS [INFO] - {'model_name': 'unetplusplus', 'dataset_name': 'chicago', 'train_ratio': 0.8, 'batch_size': 16, 'learning_rate': 0.001, 'num_head': 8, 'max_epoch': 20, 'dataset_path': 'D:/Search/Remote sensing/Dataset\\chicago', 'is_seeds': False, 'super_epoch': 0, 'model_save_path': WindowsPath('D:/Search/Remote sensing/MyRS/model_save_dir/unetplusplus/chicago/unetplusplus-chicago-0.pth'), 'device': device(type='cuda', index=0), 'image_save_path': WindowsPath('D:/Search/Remote sensing/MyRS/train_image')}
2024-04-17 10:44:35,596 - RS [INFO] - Seeds: [1111]
2024-04-17 10:44:35,780 - RS [INFO] - The model has 8361708 trainable parameters
2024-04-17 10:44:35,780 - RS [INFO] - not successful load weight
2024-04-17 11:32:59,573 - RS [INFO] - save weight:D:\Search\Remote sensing\MyRS\model_save_dir\unetplusplus\chicago\unetplusplus-chicago-0.pth
2024-04-17 12:22:24,826 - RS [INFO] - save weight:D:\Search\Remote sensing\MyRS\model_save_dir\unetplusplus\chicago\unetplusplus-chicago-1.pth
2024-04-17 13:11:42,819 - RS [INFO] - save weight:D:\Search\Remote sensing\MyRS\model_save_dir\unetplusplus\chicago\unetplusplus-chicago-2.pth
2024-04-17 14:01:17,014 - RS [INFO] - save weight:D:\Search\Remote sensing\MyRS\model_save_dir\unetplusplus\chicago\unetplusplus-chicago-3.pth
